<?xml version="1.0" encoding="UTF-8"?>
<testng-results skipped="0" failed="0" total="1" passed="1">
  <reporter-output>
  </reporter-output>
  <suite name="Shine Appium" duration-ms="347382" started-at="2015-08-05T05:33:42Z" finished-at="2015-08-05T05:39:29Z">
    <groups>
    </groups>
    <test name="shineSauceLabs" duration-ms="347382" started-at="2015-08-05T05:33:42Z" finished-at="2015-08-05T05:39:29Z">
      <class name="com.shineSauceLabs.Main.FullRegisterPage">
        <test-method status="PASS" signature="cleanUp()[pri:0, instance:com.shineSauceLabs.Main.FullRegisterPage@7946e1f4]" name="cleanUp" is-config="true" duration-ms="43" started-at="2015-08-05T11:03:42Z" finished-at="2015-08-05T11:03:42Z">
          <reporter-output>
          </reporter-output>
        </test-method> <!-- cleanUp -->
        <test-method status="PASS" signature="setUp()[pri:0, instance:com.shineSauceLabs.Main.FullRegisterPage@7946e1f4]" name="setUp" is-config="true" duration-ms="63741" started-at="2015-08-05T11:03:42Z" finished-at="2015-08-05T11:04:45Z">
          <reporter-output>
          </reporter-output>
        </test-method> <!-- setUp -->
        <test-method status="PASS" signature="testRegisterwithResume()[pri:0, instance:com.shineSauceLabs.Main.FullRegisterPage@7946e1f4]" name="testRegisterwithResume" duration-ms="260326" started-at="2015-08-05T11:04:45Z" finished-at="2015-08-05T11:09:06Z">
          <reporter-output>
          </reporter-output>
        </test-method> <!-- testRegisterwithResume -->
        <test-method status="PASS" signature="takeScreenShotOnFailure(org.testng.ITestResult)[pri:0, instance:com.shineSauceLabs.Main.FullRegisterPage@7946e1f4]" name="takeScreenShotOnFailure" is-config="true" duration-ms="536" started-at="2015-08-05T11:09:16Z" finished-at="2015-08-05T11:09:17Z">
          <params>
            <param index="0">
              <value>
                <![CDATA[[TestResult name=testRegisterwithResume status=SUCCESS method=FullRegisterPage.testRegisterwithResume()[pri:0, instance:com.shineSauceLabs.Main.FullRegisterPage@7946e1f4] output={null}]]]>
              </value>
            </param>
          </params>
          <reporter-output>
          </reporter-output>
        </test-method> <!-- takeScreenShotOnFailure -->
        <test-method status="PASS" signature="tearDown()[pri:0, instance:com.shineSauceLabs.Main.FullRegisterPage@7946e1f4]" name="tearDown" is-config="true" duration-ms="12185" started-at="2015-08-05T11:09:17Z" finished-at="2015-08-05T11:09:29Z">
          <reporter-output>
          </reporter-output>
        </test-method> <!-- tearDown -->
      </class> <!-- com.shineSauceLabs.Main.FullRegisterPage -->
    </test> <!-- shineSauceLabs -->
  </suite> <!-- Shine Appium -->
</testng-results>
